2018-08-30 11:21:00,134 - log.py:24 - logger - https://www.laobai.com
2018-08-30 11:21:03,417 - log.py:24 - logger - 老白首页
2018-08-30 11:21:03,439 - log.py:24 - logger - 老白首页-首页登录按钮  is OK
2018-08-30 11:21:09,964 - log.py:24 - logger - 老白首页
2018-08-30 11:21:10,011 - log.py:24 - logger - 老白首页-用户名  is OK
2018-08-30 11:21:10,056 - log.py:24 - logger - 老白首页
2018-08-30 11:21:10,070 - log.py:24 - logger - 老白首页-用户名  is OK
2018-08-30 11:21:12,804 - log.py:24 - logger - 老白首页
2018-08-30 11:21:12,821 - log.py:24 - logger - 老白首页-密码  is OK
2018-08-30 11:21:15,500 - log.py:24 - logger - 老白首页
2018-08-30 11:21:15,516 - log.py:24 - logger - 老白首页-登录页面登录按钮  is OK
2018-08-30 11:21:27,213 - log.py:24 - logger - 老白首页
2018-08-30 11:21:27,242 - log.py:24 - logger - 老白首页-全部商品分类  is OK
2018-10-09 22:41:42,963 - log.py:24 - logger - https://www.laobai.com
2018-10-09 22:41:46,111 - log.py:24 - logger - 老白首页
2018-10-09 22:41:46,417 - log.py:24 - logger - 老白首页-首页登录按钮  is OK
2018-10-09 22:41:55,822 - log.py:24 - logger - 老白首页
2018-10-09 22:41:55,849 - log.py:24 - logger - 老白首页-用户名  is OK
2018-10-09 22:41:55,922 - log.py:24 - logger - 老白首页
2018-10-09 22:41:55,940 - log.py:24 - logger - 老白首页-用户名  is OK
2018-10-09 22:41:59,334 - log.py:24 - logger - 老白首页
2018-10-09 22:41:59,358 - log.py:24 - logger - 老白首页-密码  is OK
2018-10-09 22:42:02,572 - log.py:24 - logger - 老白首页
2018-10-09 22:42:02,595 - log.py:24 - logger - 老白首页-登录页面登录按钮  is OK
2018-10-09 22:42:10,717 - log.py:24 - logger - 老白首页
2018-10-09 22:42:10,757 - log.py:24 - logger - 老白首页-隐形眼镜  is OK
2018-10-09 22:43:40,512 - log.py:24 - logger - https://www.laobai.com
2018-10-09 22:43:44,638 - log.py:24 - logger - 老白首页
2018-10-09 22:43:45,068 - log.py:24 - logger - 老白首页-首页登录按钮  is OK
2018-10-09 22:44:01,353 - log.py:24 - logger - 老白首页
2018-10-09 22:44:01,411 - log.py:24 - logger - 老白首页-用户名  is OK
2018-10-09 22:44:01,478 - log.py:24 - logger - 老白首页
2018-10-09 22:44:01,511 - log.py:24 - logger - 老白首页-用户名  is OK
2018-10-09 22:44:05,649 - log.py:24 - logger - 老白首页
2018-10-09 22:44:05,673 - log.py:24 - logger - 老白首页-密码  is OK
2018-10-09 22:44:08,824 - log.py:24 - logger - 老白首页
2018-10-09 22:44:08,846 - log.py:24 - logger - 老白首页-登录页面登录按钮  is OK
2018-10-09 22:44:16,893 - log.py:24 - logger - 老白首页
2018-10-09 22:44:16,943 - log.py:24 - logger - 老白首页-全部商品分类  is OK
2018-10-09 22:45:39,454 - log.py:24 - logger - https://www.laobai.com
2018-10-09 22:45:41,173 - log.py:24 - logger - 老白首页
2018-10-09 22:45:41,518 - log.py:24 - logger - 老白首页-首页登录按钮  is OK
2018-10-09 22:46:19,902 - log.py:24 - logger - https://www.laobai.com
2018-10-09 22:46:21,642 - log.py:24 - logger - 老白首页
2018-10-09 22:46:22,183 - log.py:24 - logger - 老白首页-首页登录按钮  is OK
2018-10-09 22:46:35,664 - log.py:24 - logger - 老白首页
2018-10-09 22:46:35,709 - log.py:24 - logger - 老白首页-用户名  is OK
2018-10-09 22:46:35,750 - log.py:24 - logger - 老白首页
2018-10-09 22:46:35,764 - log.py:24 - logger - 老白首页-用户名  is OK
2018-10-09 22:46:39,699 - log.py:24 - logger - 老白首页
2018-10-09 22:46:39,726 - log.py:24 - logger - 老白首页-密码  is OK
2018-10-09 22:46:42,934 - log.py:24 - logger - 老白首页
2018-10-09 22:46:42,958 - log.py:24 - logger - 老白首页-登录页面登录按钮  is OK
2018-10-09 22:46:51,106 - log.py:24 - logger - 老白首页
2018-10-09 22:46:51,153 - log.py:24 - logger - 老白首页-全部商品分类  is OK
2018-10-09 22:47:01,035 - log.py:24 - logger - 老白首页
2018-10-09 22:47:01,110 - log.py:24 - logger - 老白首页-全部商品分类  is OK
2018-10-09 22:51:12,690 - log.py:24 - logger - https://www.laobai.com
2018-10-09 22:51:16,774 - log.py:24 - logger - 老白首页
2018-10-09 22:51:18,189 - log.py:24 - logger - 老白首页-首页登录按钮  is OK
2018-10-09 22:51:30,683 - log.py:24 - logger - 老白首页
2018-10-09 22:51:30,725 - log.py:24 - logger - 老白首页-用户名  is OK
2018-10-09 22:51:30,779 - log.py:24 - logger - 老白首页
2018-10-09 22:51:30,816 - log.py:24 - logger - 老白首页-用户名  is OK
2018-10-09 22:51:34,765 - log.py:24 - logger - 老白首页
2018-10-09 22:51:34,845 - log.py:24 - logger - 老白首页-密码  is OK
2018-10-09 22:51:39,230 - log.py:24 - logger - 老白首页
2018-10-09 22:51:39,280 - log.py:24 - logger - 老白首页-登录页面登录按钮  is OK
2018-10-09 22:51:48,822 - log.py:24 - logger - 老白首页
2018-10-09 22:51:48,886 - log.py:24 - logger - 老白首页-全部商品分类  is OK
2018-10-09 22:51:59,963 - log.py:24 - logger - 老白首页
2018-10-09 22:52:00,084 - log.py:24 - logger - 老白首页-全部商品分类  is OK
2018-10-09 22:56:52,860 - log.py:24 - logger - https://www.laobai.com
2018-10-09 22:56:56,837 - log.py:24 - logger - 老白首页
2018-10-09 22:56:57,781 - log.py:24 - logger - 老白首页-首页登录按钮  is OK
2018-10-09 22:57:12,978 - log.py:24 - logger - 老白首页
2018-10-09 22:57:13,009 - log.py:24 - logger - 老白首页-用户名  is OK
2018-10-09 22:57:13,054 - log.py:24 - logger - 老白首页
2018-10-09 22:57:13,067 - log.py:24 - logger - 老白首页-用户名  is OK
2018-10-09 22:57:17,172 - log.py:24 - logger - 老白首页
2018-10-09 22:57:17,197 - log.py:24 - logger - 老白首页-密码  is OK
2018-10-09 22:57:20,383 - log.py:24 - logger - 老白首页
2018-10-09 22:57:20,405 - log.py:24 - logger - 老白首页-登录页面登录按钮  is OK
2018-10-09 22:57:28,615 - log.py:24 - logger - 老白首页
2018-10-09 22:57:28,671 - log.py:24 - logger - 老白首页-全部商品分类  is OK
2018-10-09 22:57:39,853 - log.py:24 - logger - 老白首页
2018-10-09 22:57:39,936 - log.py:24 - logger - 老白首页-全部商品分类  is OK
2018-10-09 23:02:03,244 - log.py:24 - logger - https://www.laobai.com
2018-10-09 23:02:05,547 - log.py:24 - logger - 老白首页
2018-10-09 23:02:05,607 - log.py:24 - logger - 老白首页-首页登录按钮  is OK
2018-10-09 23:03:38,112 - log.py:24 - logger - https://www.laobai.com
2018-10-09 23:03:42,637 - log.py:24 - logger - 老白首页
2018-10-09 23:03:43,548 - log.py:24 - logger - 老白首页-首页登录按钮  is OK
2018-10-09 23:03:57,372 - log.py:24 - logger - 老白首页
2018-10-09 23:03:57,442 - log.py:24 - logger - 老白首页-用户名  is OK
2018-10-09 23:03:57,498 - log.py:24 - logger - 老白首页
2018-10-09 23:03:57,535 - log.py:24 - logger - 老白首页-用户名  is OK
2018-10-09 23:04:02,263 - log.py:24 - logger - 老白首页
2018-10-09 23:04:02,364 - log.py:24 - logger - 老白首页-密码  is OK
2018-10-09 23:04:07,624 - log.py:24 - logger - 老白首页
2018-10-09 23:04:07,857 - log.py:24 - logger - 老白首页-登录页面登录按钮  is OK
2018-10-09 23:05:01,522 - log.py:24 - logger - https://www.laobai.com
2018-10-09 23:05:04,352 - log.py:24 - logger - 老白首页
2018-10-09 23:05:04,850 - log.py:24 - logger - 老白首页-首页登录按钮  is OK
2018-10-09 23:05:15,693 - log.py:24 - logger - 老白首页
2018-10-09 23:05:15,774 - log.py:24 - logger - 老白首页-用户名  is OK
2018-10-09 23:05:15,840 - log.py:24 - logger - 老白首页
2018-10-09 23:05:15,871 - log.py:24 - logger - 老白首页-用户名  is OK
2018-10-09 23:05:20,822 - log.py:24 - logger - 老白首页
2018-10-09 23:05:20,861 - log.py:24 - logger - 老白首页-密码  is OK
2018-10-09 23:05:27,379 - log.py:24 - logger - 老白首页
2018-10-09 23:05:27,420 - log.py:24 - logger - 老白首页-登录页面登录按钮  is OK
