2018-08-30 11:11:14,446 - log.py:24 - tst - https://www.laobai.com
2018-08-30 11:11:16,646 - log.py:24 - tst - 老白首页
2018-08-30 11:11:16,665 - log.py:24 - tst - 老白首页-首页登录按钮  is OK
2018-08-30 11:11:17,107 - log.py:24 - tst - 老白首页
2018-08-30 11:11:17,124 - log.py:24 - tst - 老白首页-全部商品分类  is OK
2018-08-30 11:13:31,683 - log.py:24 - tst - https://www.laobai.com
2018-08-30 11:13:36,163 - log.py:24 - tst - 老白首页
2018-08-30 11:13:36,247 - log.py:24 - tst - 老白首页-首页登录按钮  is OK
2018-08-30 11:13:36,642 - log.py:24 - tst - 老白首页
2018-08-30 11:13:36,673 - log.py:24 - tst - 老白首页-全部商品分类  is OK
2018-08-30 11:14:15,505 - log.py:24 - tst - https://www.laobai.com
2018-08-30 11:14:20,183 - log.py:24 - tst - 老白首页
2018-08-30 11:14:20,206 - log.py:24 - tst - 老白首页-首页登录按钮  is OK
2018-08-30 11:14:20,622 - log.py:24 - tst - 老白首页
2018-08-30 11:14:20,641 - log.py:24 - tst - 老白首页-隐形眼镜  is OK
2018-08-30 11:16:00,360 - log.py:24 - tst - https://www.laobai.com
2018-08-30 11:16:03,286 - log.py:24 - tst - 老白首页
2018-08-30 11:16:03,317 - log.py:24 - tst - 老白首页-首页登录按钮  is OK
2018-08-30 11:16:09,512 - log.py:24 - tst - 老白首页
2018-08-30 11:16:09,542 - log.py:24 - tst - 老白首页-用户名  is OK
2018-08-30 11:16:09,564 - log.py:24 - tst - 老白首页
2018-08-30 11:16:09,575 - log.py:24 - tst - 老白首页-用户名  is OK
2018-08-30 11:16:12,342 - log.py:24 - tst - 老白首页
2018-08-30 11:16:12,357 - log.py:24 - tst - 老白首页-密码  is OK
2018-08-30 11:16:15,018 - log.py:24 - tst - 老白首页
2018-08-30 11:16:15,035 - log.py:24 - tst - 老白首页-登录页面登录按钮  is OK
2018-08-30 11:16:26,693 - log.py:24 - tst - 老白首页
2018-08-30 11:16:26,716 - log.py:24 - tst - 老白首页-隐形眼镜  is OK
2018-08-30 11:19:17,533 - log.py:24 - tst - https://www.laobai.com
2018-08-30 11:19:20,050 - log.py:24 - tst - 老白首页
2018-08-30 11:19:20,099 - log.py:24 - tst - 老白首页-首页登录按钮  is OK
2018-08-30 11:19:26,128 - log.py:24 - tst - 老白首页
2018-08-30 11:19:26,144 - log.py:24 - tst - 老白首页-用户名  is OK
2018-08-30 11:19:26,164 - log.py:24 - tst - 老白首页
2018-08-30 11:19:26,177 - log.py:24 - tst - 老白首页-用户名  is OK
2018-08-30 11:19:28,918 - log.py:24 - tst - 老白首页
2018-08-30 11:19:28,934 - log.py:24 - tst - 老白首页-密码  is OK
2018-08-30 11:19:31,636 - log.py:24 - tst - 老白首页
2018-08-30 11:19:31,652 - log.py:24 - tst - 老白首页-登录页面登录按钮  is OK
2018-08-30 11:19:38,127 - log.py:24 - tst - 老白首页
2018-08-30 11:19:38,149 - log.py:24 - tst - 老白首页-全部商品分类  is OK
